{"/Users/oladapo/Desktop/node_testing/rectangle.js":{"path":"/Users/oladapo/Desktop/node_testing/rectangle.js","s":{"1":20,"2":4,"3":16,"4":4,"5":12,"6":12,"7":2,"8":2,"9":1,"10":1,"11":2,"12":2,"13":1,"14":1,"15":1,"16":1,"17":1},"b":{"1":[4,16],"2":[20,18],"3":[4,12],"4":[16,12],"5":[1,1],"6":[1,1]},"f":{"1":20,"2":2,"3":2,"4":2,"5":2,"6":1,"7":1},"fnMap":{"1":{"name":"(anonymous_1)","line":4,"loc":{"start":{"line":4,"column":13},"end":{"line":4,"column":29}}},"2":{"name":"(anonymous_2)","line":17,"loc":{"start":{"line":17,"column":12},"end":{"line":17,"column":15}}},"3":{"name":"(anonymous_3)","line":21,"loc":{"start":{"line":21,"column":12},"end":{"line":21,"column":20}}},"4":{"name":"(anonymous_4)","line":29,"loc":{"start":{"line":29,"column":11},"end":{"line":29,"column":14}}},"5":{"name":"(anonymous_5)","line":33,"loc":{"start":{"line":33,"column":11},"end":{"line":33,"column":19}}},"6":{"name":"(anonymous_6)","line":41,"loc":{"start":{"line":41,"column":10},"end":{"line":41,"column":13}}},"7":{"name":"(anonymous_7)","line":45,"loc":{"start":{"line":45,"column":19},"end":{"line":45,"column":22}}}},"statementMap":{"1":{"start":{"line":5,"column":4},"end":{"line":7,"column":5}},"2":{"start":{"line":6,"column":6},"end":{"line":6,"column":62}},"3":{"start":{"line":9,"column":4},"end":{"line":11,"column":5}},"4":{"start":{"line":10,"column":6},"end":{"line":10,"column":71}},"5":{"start":{"line":13,"column":4},"end":{"line":13,"column":24}},"6":{"start":{"line":14,"column":4},"end":{"line":14,"column":26}},"7":{"start":{"line":18,"column":4},"end":{"line":18,"column":24}},"8":{"start":{"line":22,"column":4},"end":{"line":24,"column":5}},"9":{"start":{"line":23,"column":6},"end":{"line":23,"column":51}},"10":{"start":{"line":26,"column":4},"end":{"line":26,"column":25}},"11":{"start":{"line":30,"column":4},"end":{"line":30,"column":23}},"12":{"start":{"line":34,"column":4},"end":{"line":36,"column":5}},"13":{"start":{"line":35,"column":6},"end":{"line":35,"column":50}},"14":{"start":{"line":38,"column":4},"end":{"line":38,"column":24}},"15":{"start":{"line":42,"column":4},"end":{"line":42,"column":38}},"16":{"start":{"line":46,"column":4},"end":{"line":46,"column":46}},"17":{"start":{"line":50,"column":0},"end":{"line":50,"column":27}}},"branchMap":{"1":{"line":5,"type":"if","locations":[{"start":{"line":5,"column":4},"end":{"line":5,"column":4}},{"start":{"line":5,"column":4},"end":{"line":5,"column":4}}]},"2":{"line":5,"type":"binary-expr","locations":[{"start":{"line":5,"column":8},"end":{"line":5,"column":33}},{"start":{"line":5,"column":37},"end":{"line":5,"column":63}}]},"3":{"line":9,"type":"if","locations":[{"start":{"line":9,"column":4},"end":{"line":9,"column":4}},{"start":{"line":9,"column":4},"end":{"line":9,"column":4}}]},"4":{"line":9,"type":"binary-expr","locations":[{"start":{"line":9,"column":8},"end":{"line":9,"column":18}},{"start":{"line":9,"column":22},"end":{"line":9,"column":33}}]},"5":{"line":22,"type":"if","locations":[{"start":{"line":22,"column":4},"end":{"line":22,"column":4}},{"start":{"line":22,"column":4},"end":{"line":22,"column":4}}]},"6":{"line":34,"type":"if","locations":[{"start":{"line":34,"column":4},"end":{"line":34,"column":4}},{"start":{"line":34,"column":4},"end":{"line":34,"column":4}}]}}}}