TN:
SF:/Users/oladapo/Desktop/node_testing/rectangle.js
FN:4,(anonymous_1)
FN:17,(anonymous_2)
FN:21,(anonymous_3)
FN:29,(anonymous_4)
FN:33,(anonymous_5)
FN:41,(anonymous_6)
FN:45,(anonymous_7)
FNF:7
FNH:7
FNDA:20,(anonymous_1)
FNDA:2,(anonymous_2)
FNDA:2,(anonymous_3)
FNDA:2,(anonymous_4)
FNDA:2,(anonymous_5)
FNDA:1,(anonymous_6)
FNDA:1,(anonymous_7)
DA:5,20
DA:6,4
DA:9,16
DA:10,4
DA:13,12
DA:14,12
DA:18,2
DA:22,2
DA:23,1
DA:26,1
DA:30,2
DA:34,2
DA:35,1
DA:38,1
DA:42,1
DA:46,1
DA:50,1
LF:17
LH:17
BRDA:5,1,0,4
BRDA:5,1,1,16
BRDA:5,2,0,20
BRDA:5,2,1,18
BRDA:9,3,0,4
BRDA:9,3,1,12
BRDA:9,4,0,16
BRDA:9,4,1,12
BRDA:22,5,0,1
BRDA:22,5,1,1
BRDA:34,6,0,1
BRDA:34,6,1,1
BRF:12
BRH:12
end_of_record
